[0m14:39:17.677422 [debug] [MainThread]: Sending event: {'category': 'dbt', 'action': 'invocation', 'label': 'start', 'context': [<snowplow_tracker.self_describing_json.SelfDescribingJson object at 0x1029690d0>, <snowplow_tracker.self_describing_json.SelfDescribingJson object at 0x104761460>, <snowplow_tracker.self_describing_json.SelfDescribingJson object at 0x1047610a0>]}


============================== 14:39:17.695394 | d5200aad-577a-4fff-bb56-f909bb852cfe ==============================
[0m14:39:17.695394 [info ] [MainThread]: Running with dbt=1.9.0-b2
[0m14:39:17.695622 [debug] [MainThread]: running dbt with arguments {'printer_width': '80', 'indirect_selection': 'eager', 'log_cache_events': 'False', 'write_json': 'True', 'partial_parse': 'True', 'cache_selected_only': 'False', 'warn_error': 'None', 'version_check': 'True', 'fail_fast': 'False', 'log_path': 'logs', 'debug': 'False', 'profiles_dir': '/Users/jpk/.dbt', 'use_colors': 'True', 'use_experimental_parser': 'False', 'no_print': 'None', 'quiet': 'False', 'empty': 'None', 'log_format': 'default', 'introspect': 'True', 'invocation_command': 'dbt init', 'warn_error_options': 'WarnErrorOptions(include=[], exclude=[])', 'target_path': 'None', 'static_parser': 'True', 'send_anonymous_usage_stats': 'True'}
[0m14:39:28.463845 [debug] [MainThread]: Starter project path: /opt/homebrew/lib/python3.12/site-packages/dbt/include/starter_project
[0m14:39:28.480945 [info ] [MainThread]: 
Your new dbt project "learn_dbt_project" was created!

For more information on how to configure the profiles.yml file,
please consult the dbt documentation here:

  https://docs.getdbt.com/docs/configure-your-profile

One more thing:

Need help? Don't hesitate to reach out to us via GitHub issues or on Slack:

  https://community.getdbt.com/

Happy modeling!

[0m14:39:28.481751 [info ] [MainThread]: Setting up your profile.
[0m14:39:59.576189 [info ] [MainThread]: Profile learn_dbt_project written to /Users/jpk/.dbt/profiles.yml using target's profile_template.yml and your supplied values. Run 'dbt debug' to validate the connection.
[0m14:39:59.580877 [debug] [MainThread]: Resource report: {"command_name": "init", "command_success": true, "command_wall_clock_time": 41.92953, "process_user_time": 0.491137, "process_kernel_time": 0.129763, "process_mem_max_rss": "96468992", "process_in_blocks": "0", "process_out_blocks": "0"}
[0m14:39:59.581733 [debug] [MainThread]: Command `dbt init` succeeded at 14:39:59.581617 after 41.93 seconds
[0m14:39:59.582150 [debug] [MainThread]: Sending event: {'category': 'dbt', 'action': 'invocation', 'label': 'end', 'context': [<snowplow_tracker.self_describing_json.SelfDescribingJson object at 0x1047610a0>, <snowplow_tracker.self_describing_json.SelfDescribingJson object at 0x104be6e40>, <snowplow_tracker.self_describing_json.SelfDescribingJson object at 0x103f03920>]}
[0m14:39:59.582517 [debug] [MainThread]: Flushing usage events
[0m14:39:59.810420 [debug] [MainThread]: An error was encountered while trying to flush usage events
[0m14:40:16.371805 [debug] [MainThread]: Sending event: {'category': 'dbt', 'action': 'invocation', 'label': 'start', 'context': [<snowplow_tracker.self_describing_json.SelfDescribingJson object at 0x107295220>, <snowplow_tracker.self_describing_json.SelfDescribingJson object at 0x111c39400>, <snowplow_tracker.self_describing_json.SelfDescribingJson object at 0x111c39190>]}


============================== 14:40:16.389141 | 8370151b-9ef5-4ada-8466-693fb5873fb2 ==============================
[0m14:40:16.389141 [info ] [MainThread]: Running with dbt=1.9.0-b2
[0m14:40:16.389364 [debug] [MainThread]: running dbt with arguments {'printer_width': '80', 'indirect_selection': 'eager', 'write_json': 'True', 'log_cache_events': 'False', 'partial_parse': 'True', 'cache_selected_only': 'False', 'warn_error': 'None', 'fail_fast': 'False', 'profiles_dir': '/Users/jpk/.dbt', 'log_path': 'logs', 'debug': 'False', 'version_check': 'True', 'use_colors': 'True', 'use_experimental_parser': 'False', 'empty': 'None', 'quiet': 'False', 'no_print': 'None', 'warn_error_options': 'WarnErrorOptions(include=[], exclude=[])', 'static_parser': 'True', 'introspect': 'True', 'invocation_command': 'dbt debug', 'target_path': 'None', 'log_format': 'default', 'send_anonymous_usage_stats': 'True'}
[0m14:40:16.399422 [info ] [MainThread]: dbt version: 1.9.0-b2
[0m14:40:16.399566 [info ] [MainThread]: python version: 3.12.7
[0m14:40:16.399671 [info ] [MainThread]: python path: /opt/homebrew/opt/python@3.12/bin/python3.12
[0m14:40:16.399781 [info ] [MainThread]: os info: macOS-14.6-arm64-arm-64bit
[0m14:40:16.425493 [info ] [MainThread]: Using profiles dir at /Users/jpk/.dbt
[0m14:40:16.425644 [info ] [MainThread]: Using profiles.yml file at /Users/jpk/.dbt/profiles.yml
[0m14:40:16.425750 [info ] [MainThread]: Using dbt_project.yml file at /Users/jpk/Projects/udemy-learning-dbt/dbt_project.yml
[0m14:40:16.426323 [info ] [MainThread]: adapter type: postgres
[0m14:40:16.426480 [info ] [MainThread]: adapter version: 1.8.2
[0m14:40:16.426599 [info ] [MainThread]: Configuration:
[0m14:40:16.426698 [info ] [MainThread]:   profiles.yml file [[32mOK found and valid[0m]
[0m14:40:16.426793 [info ] [MainThread]:   dbt_project.yml file [[31mERROR not found[0m]
[0m14:40:16.426897 [info ] [MainThread]: Required dependencies:
[0m14:40:16.427013 [debug] [MainThread]: Executing "git --help"
[0m14:40:16.446391 [debug] [MainThread]: STDOUT: "b"usage: git [-v | --version] [-h | --help] [-C <path>] [-c <name>=<value>]\n           [--exec-path[=<path>]] [--html-path] [--man-path] [--info-path]\n           [-p | --paginate | -P | --no-pager] [--no-replace-objects] [--bare]\n           [--git-dir=<path>] [--work-tree=<path>] [--namespace=<name>]\n           [--super-prefix=<path>] [--config-env=<name>=<envvar>]\n           <command> [<args>]\n\nThese are common Git commands used in various situations:\n\nstart a working area (see also: git help tutorial)\n   clone     Clone a repository into a new directory\n   init      Create an empty Git repository or reinitialize an existing one\n\nwork on the current change (see also: git help everyday)\n   add       Add file contents to the index\n   mv        Move or rename a file, a directory, or a symlink\n   restore   Restore working tree files\n   rm        Remove files from the working tree and from the index\n\nexamine the history and state (see also: git help revisions)\n   bisect    Use binary search to find the commit that introduced a bug\n   diff      Show changes between commits, commit and working tree, etc\n   grep      Print lines matching a pattern\n   log       Show commit logs\n   show      Show various types of objects\n   status    Show the working tree status\n\ngrow, mark and tweak your common history\n   branch    List, create, or delete branches\n   commit    Record changes to the repository\n   merge     Join two or more development histories together\n   rebase    Reapply commits on top of another base tip\n   reset     Reset current HEAD to the specified state\n   switch    Switch branches\n   tag       Create, list, delete or verify a tag object signed with GPG\n\ncollaborate (see also: git help workflows)\n   fetch     Download objects and refs from another repository\n   pull      Fetch from and integrate with another repository or a local branch\n   push      Update remote refs along with associated objects\n\n'git help -a' and 'git help -g' list available subcommands and some\nconcept guides. See 'git help <command>' or 'git help <concept>'\nto read about a specific subcommand or concept.\nSee 'git help git' for an overview of the system.\n""
[0m14:40:16.446767 [debug] [MainThread]: STDERR: "b''"
[0m14:40:16.446907 [info ] [MainThread]:  - git [[32mOK found[0m]

[0m14:40:16.447024 [info ] [MainThread]: Connection:
[0m14:40:16.447140 [info ] [MainThread]:   host: local
[0m14:40:16.447230 [info ] [MainThread]:   port: 5432
[0m14:40:16.447316 [info ] [MainThread]:   user: dbt_transform
[0m14:40:16.447565 [info ] [MainThread]:   database: dbt_dwh
[0m14:40:16.447651 [info ] [MainThread]:   schema: silver
[0m14:40:16.447746 [info ] [MainThread]:   connect_timeout: 10
[0m14:40:16.447833 [info ] [MainThread]:   role: None
[0m14:40:16.447916 [info ] [MainThread]:   search_path: None
[0m14:40:16.447997 [info ] [MainThread]:   keepalives_idle: 0
[0m14:40:16.448084 [info ] [MainThread]:   sslmode: None
[0m14:40:16.448164 [info ] [MainThread]:   sslcert: None
[0m14:40:16.448247 [info ] [MainThread]:   sslkey: None
[0m14:40:16.448328 [info ] [MainThread]:   sslrootcert: None
[0m14:40:16.448410 [info ] [MainThread]:   application_name: dbt
[0m14:40:16.448491 [info ] [MainThread]:   retries: 1
[0m14:40:16.448723 [info ] [MainThread]: Registered adapter: postgres=1.8.2
[0m14:40:16.453618 [debug] [MainThread]: Acquiring new postgres connection 'debug'
[0m14:40:16.512072 [debug] [MainThread]: Using postgres connection "debug"
[0m14:40:16.512245 [debug] [MainThread]: On debug: select 1 as id
[0m14:40:16.512346 [debug] [MainThread]: Opening a new connection, currently in state init
[0m14:40:16.525954 [debug] [MainThread]: Postgres adapter: Got a retryable error when attempting to open a postgres connection.
1 attempts remaining. Retrying in 0 seconds.
Error:
could not translate host name "local" to address: nodename nor servname provided, or not known

[0m14:40:16.528518 [debug] [MainThread]: Postgres adapter: Error running SQL: select 1 as id
[0m14:40:16.528613 [debug] [MainThread]: Postgres adapter: Rolling back transaction.
[0m14:40:16.528717 [debug] [MainThread]: On debug: No close available on handle
[0m14:40:16.528835 [info ] [MainThread]:   Connection test: [[31mERROR[0m]

[0m14:40:16.528997 [info ] [MainThread]: [31m2 checks failed:[0m
[0m14:40:16.529096 [info ] [MainThread]: Project loading failed for the following reason:
 project path </Users/jpk/Projects/udemy-learning-dbt/dbt_project.yml> not found

[0m14:40:16.529194 [info ] [MainThread]: dbt was unable to connect to the specified database.
The database returned the following error:

  >Database Error
  could not translate host name "local" to address: nodename nor servname provided, or not known
  

Check your database credentials and try again. For more information, visit:
https://docs.getdbt.com/docs/configure-your-profile


[0m14:40:16.529893 [debug] [MainThread]: Resource report: {"command_name": "debug", "command_wall_clock_time": 0.1824, "process_user_time": 0.51031, "process_kernel_time": 0.117721, "process_mem_max_rss": "100876288", "command_success": false, "process_in_blocks": "0", "process_out_blocks": "0"}
[0m14:40:16.530136 [debug] [MainThread]: Command `dbt debug` failed at 14:40:16.530094 after 0.18 seconds
[0m14:40:16.530273 [debug] [MainThread]: Connection 'debug' was properly closed.
[0m14:40:16.530410 [debug] [MainThread]: Sending event: {'category': 'dbt', 'action': 'invocation', 'label': 'end', 'context': [<snowplow_tracker.self_describing_json.SelfDescribingJson object at 0x111be00b0>, <snowplow_tracker.self_describing_json.SelfDescribingJson object at 0x111c396a0>, <snowplow_tracker.self_describing_json.SelfDescribingJson object at 0x1128ef530>]}
[0m14:40:16.530569 [debug] [MainThread]: Flushing usage events
[0m14:40:16.639661 [debug] [MainThread]: An error was encountered while trying to flush usage events
[0m16:00:01.319528 [debug] [MainThread]: Sending event: {'category': 'dbt', 'action': 'invocation', 'label': 'start', 'context': [<snowplow_tracker.self_describing_json.SelfDescribingJson object at 0x1041feea0>, <snowplow_tracker.self_describing_json.SelfDescribingJson object at 0x1046faab0>, <snowplow_tracker.self_describing_json.SelfDescribingJson object at 0x1046fa840>]}


============================== 16:00:01.321932 | 54efed29-1c18-4a10-8bf7-c9280f6fa934 ==============================
[0m16:00:01.321932 [info ] [MainThread]: Running with dbt=1.9.0-b2
[0m16:00:01.322200 [debug] [MainThread]: running dbt with arguments {'printer_width': '80', 'indirect_selection': 'eager', 'write_json': 'True', 'log_cache_events': 'False', 'partial_parse': 'True', 'cache_selected_only': 'False', 'profiles_dir': '/Users/jpk/.dbt', 'fail_fast': 'False', 'debug': 'False', 'log_path': 'logs', 'warn_error': 'None', 'version_check': 'True', 'use_colors': 'True', 'use_experimental_parser': 'False', 'empty': 'None', 'quiet': 'False', 'no_print': 'None', 'log_format': 'default', 'invocation_command': 'dbt init learn_dbt_project', 'static_parser': 'True', 'introspect': 'True', 'target_path': 'None', 'warn_error_options': 'WarnErrorOptions(include=[], exclude=[])', 'send_anonymous_usage_stats': 'True'}
[0m16:00:01.346848 [debug] [MainThread]: Starter project path: /opt/homebrew/lib/python3.12/site-packages/dbt/include/starter_project
[0m16:00:01.353254 [info ] [MainThread]: 
Your new dbt project "learn_dbt_project" was created!

For more information on how to configure the profiles.yml file,
please consult the dbt documentation here:

  https://docs.getdbt.com/docs/configure-your-profile

One more thing:

Need help? Don't hesitate to reach out to us via GitHub issues or on Slack:

  https://community.getdbt.com/

Happy modeling!

[0m16:00:01.353393 [info ] [MainThread]: Setting up your profile.
[0m16:00:41.238857 [info ] [MainThread]: Profile learn_dbt_project written to /Users/jpk/.dbt/profiles.yml using target's profile_template.yml and your supplied values. Run 'dbt debug' to validate the connection.
[0m16:00:41.243676 [debug] [MainThread]: Resource report: {"command_name": "init", "command_success": true, "command_wall_clock_time": 39.93299, "process_user_time": 0.49278, "process_kernel_time": 0.123526, "process_mem_max_rss": "96436224", "process_in_blocks": "0", "process_out_blocks": "0"}
[0m16:00:41.244779 [debug] [MainThread]: Command `dbt init` succeeded at 16:00:41.244515 after 39.93 seconds
[0m16:00:41.245430 [debug] [MainThread]: Sending event: {'category': 'dbt', 'action': 'invocation', 'label': 'end', 'context': [<snowplow_tracker.self_describing_json.SelfDescribingJson object at 0x104329af0>, <snowplow_tracker.self_describing_json.SelfDescribingJson object at 0x1041feea0>, <snowplow_tracker.self_describing_json.SelfDescribingJson object at 0x1041fef60>]}
[0m16:00:41.245918 [debug] [MainThread]: Flushing usage events
[0m16:00:41.673646 [debug] [MainThread]: An error was encountered while trying to flush usage events
[0m16:02:31.436505 [debug] [MainThread]: Sending event: {'category': 'dbt', 'action': 'invocation', 'label': 'start', 'context': [<snowplow_tracker.self_describing_json.SelfDescribingJson object at 0x1079ea210>, <snowplow_tracker.self_describing_json.SelfDescribingJson object at 0x10803d190>, <snowplow_tracker.self_describing_json.SelfDescribingJson object at 0x10803cef0>]}


============================== 16:02:31.453921 | 11aeb078-dd5f-41d8-bfd2-556035c2073a ==============================
[0m16:02:31.453921 [info ] [MainThread]: Running with dbt=1.9.0-b2
[0m16:02:31.454167 [debug] [MainThread]: running dbt with arguments {'printer_width': '80', 'indirect_selection': 'eager', 'log_cache_events': 'False', 'write_json': 'True', 'partial_parse': 'True', 'cache_selected_only': 'False', 'warn_error': 'None', 'fail_fast': 'False', 'profiles_dir': '/Users/jpk/.dbt', 'log_path': 'logs', 'debug': 'False', 'version_check': 'True', 'use_colors': 'True', 'use_experimental_parser': 'False', 'no_print': 'None', 'quiet': 'False', 'empty': 'None', 'warn_error_options': 'WarnErrorOptions(include=[], exclude=[])', 'introspect': 'True', 'log_format': 'default', 'invocation_command': 'dbt debug', 'target_path': 'None', 'static_parser': 'True', 'send_anonymous_usage_stats': 'True'}
[0m16:02:31.465579 [info ] [MainThread]: dbt version: 1.9.0-b2
[0m16:02:31.465739 [info ] [MainThread]: python version: 3.12.7
[0m16:02:31.465850 [info ] [MainThread]: python path: /opt/homebrew/opt/python@3.12/bin/python3.12
[0m16:02:31.465946 [info ] [MainThread]: os info: macOS-14.6-arm64-arm-64bit
[0m16:02:31.494490 [info ] [MainThread]: Using profiles dir at /Users/jpk/.dbt
[0m16:02:31.494673 [info ] [MainThread]: Using profiles.yml file at /Users/jpk/.dbt/profiles.yml
[0m16:02:31.494779 [info ] [MainThread]: Using dbt_project.yml file at /Users/jpk/Projects/udemy-learning-dbt/dbt_project.yml
[0m16:02:31.495194 [info ] [MainThread]: adapter type: postgres
[0m16:02:31.495345 [info ] [MainThread]: adapter version: 1.8.2
[0m16:02:31.495462 [info ] [MainThread]: Configuration:
[0m16:02:31.495557 [info ] [MainThread]:   profiles.yml file [[32mOK found and valid[0m]
[0m16:02:31.495645 [info ] [MainThread]:   dbt_project.yml file [[31mERROR not found[0m]
[0m16:02:31.495734 [info ] [MainThread]: Required dependencies:
[0m16:02:31.495846 [debug] [MainThread]: Executing "git --help"
[0m16:02:31.505819 [debug] [MainThread]: STDOUT: "b"usage: git [-v | --version] [-h | --help] [-C <path>] [-c <name>=<value>]\n           [--exec-path[=<path>]] [--html-path] [--man-path] [--info-path]\n           [-p | --paginate | -P | --no-pager] [--no-replace-objects] [--bare]\n           [--git-dir=<path>] [--work-tree=<path>] [--namespace=<name>]\n           [--super-prefix=<path>] [--config-env=<name>=<envvar>]\n           <command> [<args>]\n\nThese are common Git commands used in various situations:\n\nstart a working area (see also: git help tutorial)\n   clone     Clone a repository into a new directory\n   init      Create an empty Git repository or reinitialize an existing one\n\nwork on the current change (see also: git help everyday)\n   add       Add file contents to the index\n   mv        Move or rename a file, a directory, or a symlink\n   restore   Restore working tree files\n   rm        Remove files from the working tree and from the index\n\nexamine the history and state (see also: git help revisions)\n   bisect    Use binary search to find the commit that introduced a bug\n   diff      Show changes between commits, commit and working tree, etc\n   grep      Print lines matching a pattern\n   log       Show commit logs\n   show      Show various types of objects\n   status    Show the working tree status\n\ngrow, mark and tweak your common history\n   branch    List, create, or delete branches\n   commit    Record changes to the repository\n   merge     Join two or more development histories together\n   rebase    Reapply commits on top of another base tip\n   reset     Reset current HEAD to the specified state\n   switch    Switch branches\n   tag       Create, list, delete or verify a tag object signed with GPG\n\ncollaborate (see also: git help workflows)\n   fetch     Download objects and refs from another repository\n   pull      Fetch from and integrate with another repository or a local branch\n   push      Update remote refs along with associated objects\n\n'git help -a' and 'git help -g' list available subcommands and some\nconcept guides. See 'git help <command>' or 'git help <concept>'\nto read about a specific subcommand or concept.\nSee 'git help git' for an overview of the system.\n""
[0m16:02:31.506127 [debug] [MainThread]: STDERR: "b''"
[0m16:02:31.506237 [info ] [MainThread]:  - git [[32mOK found[0m]

[0m16:02:31.506354 [info ] [MainThread]: Connection:
[0m16:02:31.506468 [info ] [MainThread]:   host: 127.0.0.1
[0m16:02:31.506563 [info ] [MainThread]:   port: 5432
[0m16:02:31.506646 [info ] [MainThread]:   user: dbt_transform
[0m16:02:31.506884 [info ] [MainThread]:   database: dbt_dwh
[0m16:02:31.506970 [info ] [MainThread]:   schema: silver
[0m16:02:31.507054 [info ] [MainThread]:   connect_timeout: 10
[0m16:02:31.507142 [info ] [MainThread]:   role: None
[0m16:02:31.507223 [info ] [MainThread]:   search_path: None
[0m16:02:31.507307 [info ] [MainThread]:   keepalives_idle: 0
[0m16:02:31.507387 [info ] [MainThread]:   sslmode: None
[0m16:02:31.507467 [info ] [MainThread]:   sslcert: None
[0m16:02:31.507551 [info ] [MainThread]:   sslkey: None
[0m16:02:31.507630 [info ] [MainThread]:   sslrootcert: None
[0m16:02:31.507711 [info ] [MainThread]:   application_name: dbt
[0m16:02:31.507792 [info ] [MainThread]:   retries: 1
[0m16:02:31.508009 [info ] [MainThread]: Registered adapter: postgres=1.8.2
[0m16:02:31.855524 [debug] [MainThread]: Acquiring new postgres connection 'debug'
[0m16:02:31.930100 [debug] [MainThread]: Using postgres connection "debug"
[0m16:02:31.930306 [debug] [MainThread]: On debug: select 1 as id
[0m16:02:31.930423 [debug] [MainThread]: Opening a new connection, currently in state init
[0m16:02:31.958791 [debug] [MainThread]: SQL status: SELECT 1 in 0.028 seconds
[0m16:02:31.959237 [debug] [MainThread]: On debug: Close
[0m16:02:31.959378 [info ] [MainThread]:   Connection test: [[32mOK connection ok[0m]

[0m16:02:31.959509 [info ] [MainThread]: [31m1 check failed:[0m
[0m16:02:31.959605 [info ] [MainThread]: Project loading failed for the following reason:
 project path </Users/jpk/Projects/udemy-learning-dbt/dbt_project.yml> not found

[0m16:02:31.960476 [debug] [MainThread]: Resource report: {"command_name": "debug", "command_wall_clock_time": 0.54933655, "process_user_time": 0.504113, "process_kernel_time": 0.133429, "process_mem_max_rss": "109625344", "command_success": false, "process_in_blocks": "0", "process_out_blocks": "0"}
[0m16:02:31.960719 [debug] [MainThread]: Command `dbt debug` failed at 16:02:31.960679 after 0.55 seconds
[0m16:02:31.960857 [debug] [MainThread]: Connection 'debug' was properly closed.
[0m16:02:31.961023 [debug] [MainThread]: Sending event: {'category': 'dbt', 'action': 'invocation', 'label': 'end', 'context': [<snowplow_tracker.self_describing_json.SelfDescribingJson object at 0x107fc7a40>, <snowplow_tracker.self_describing_json.SelfDescribingJson object at 0x108b0ad50>, <snowplow_tracker.self_describing_json.SelfDescribingJson object at 0x10803d160>]}
[0m16:02:31.961171 [debug] [MainThread]: Flushing usage events
[0m16:02:35.443337 [debug] [MainThread]: An error was encountered while trying to flush usage events
